<?xml version="1.0" encoding="UTF-8"?>

<mule xmlns:xsi="http://www.w3.org/2001/XMLSchema-instance"
	xmlns:munit="http://www.mulesoft.org/schema/mule/munit" xmlns:munit-tools="http://www.mulesoft.org/schema/mule/munit-tools"
	xmlns="http://www.mulesoft.org/schema/mule/core" xmlns:doc="http://www.mulesoft.org/schema/mule/documentation"
	xsi:schemaLocation="
		http://www.mulesoft.org/schema/mule/core http://www.mulesoft.org/schema/mule/core/current/mule.xsd
		http://www.mulesoft.org/schema/mule/munit http://www.mulesoft.org/schema/mule/munit/current/mule-munit.xsd
		http://www.mulesoft.org/schema/mule/munit-tools  http://www.mulesoft.org/schema/mule/munit-tools/current/mule-munit-tools.xsd">
	<munit:config name="test-Demo_munit-test-suite.xml" />
	<munit:test name="test-Demo_munit-test-suite-test-demoFlowTest" description="Test" doc:id="42bd187a-0538-4bf8-98e1-cdccaf97e0ae" >
		<munit:execution >
			<flow-ref doc:name="Flow-ref to test-demoFlow" doc:id="2a58fd76-7919-40d5-a406-e632666d322c" name="test-demoFlow"/>
		</munit:execution>
		<munit:validation >
			<munit-tools:assert-that doc:name="Assert that EQUALS to Payload" doc:id="aa72ae92-dbd5-4c72-9dc3-aaff2d9df3e8" expression="#[payload]" is='#[MunitTools::equalTo("Hello Captain America!! I am IRONMAN")]'/>
		</munit:validation>
	</munit:test>


</mule>
